Performing C SOURCE FILE Test C_SUPPORTS_COLOR_DIAGNOSTICS failed with the following output:
Change Dir: /home/zhangna/LIEF-2/build/CMakeFiles/CMakeTmp

Run Build Command(s):/usr/bin/gmake -f Makefile cmTC_8d6d9/fast && /usr/bin/gmake  -f CMakeFiles/cmTC_8d6d9.dir/build.make CMakeFiles/cmTC_8d6d9.dir/build
gmake[1]: Entering directory '/home/zhangna/LIEF-2/build/CMakeFiles/CMakeTmp'
Building C object CMakeFiles/cmTC_8d6d9.dir/src.c.o
/usr/bin/cc -DC_SUPPORTS_COLOR_DIAGNOSTICS  -fcolor-diagnostics -o CMakeFiles/cmTC_8d6d9.dir/src.c.o -c /home/zhangna/LIEF-2/build/CMakeFiles/CMakeTmp/src.c
cc: error: unrecognized command-line option '-fcolor-diagnostics'
gmake[1]: *** [CMakeFiles/cmTC_8d6d9.dir/build.make:78: CMakeFiles/cmTC_8d6d9.dir/src.c.o] Error 1
gmake[1]: Leaving directory '/home/zhangna/LIEF-2/build/CMakeFiles/CMakeTmp'
gmake: *** [Makefile:127: cmTC_8d6d9/fast] Error 2


Source file was:
int main(void) { return 0; }
Performing C++ SOURCE FILE Test CXX_SUPPORTS_COLOR_DIAGNOSTICS failed with the following output:
Change Dir: /home/zhangna/LIEF-2/build/CMakeFiles/CMakeTmp

Run Build Command(s):/usr/bin/gmake -f Makefile cmTC_f4c5f/fast && /usr/bin/gmake  -f CMakeFiles/cmTC_f4c5f.dir/build.make CMakeFiles/cmTC_f4c5f.dir/build
gmake[1]: Entering directory '/home/zhangna/LIEF-2/build/CMakeFiles/CMakeTmp'
Building CXX object CMakeFiles/cmTC_f4c5f.dir/src.cxx.o
/usr/bin/c++ -DCXX_SUPPORTS_COLOR_DIAGNOSTICS  -fcolor-diagnostics -o CMakeFiles/cmTC_f4c5f.dir/src.cxx.o -c /home/zhangna/LIEF-2/build/CMakeFiles/CMakeTmp/src.cxx
c++: error: unrecognized command-line option '-fcolor-diagnostics'
gmake[1]: *** [CMakeFiles/cmTC_f4c5f.dir/build.make:78: CMakeFiles/cmTC_f4c5f.dir/src.cxx.o] Error 1
gmake[1]: Leaving directory '/home/zhangna/LIEF-2/build/CMakeFiles/CMakeTmp'
gmake: *** [Makefile:127: cmTC_f4c5f/fast] Error 2


Source file was:
int main() { return 0; }
