The system is: Linux - 5.10.0+ - loongarch64
Compiling the C compiler identification source file "CMakeCCompilerId.c" succeeded.
Compiler: /usr/bin/cc 
Build flags: 
Id flags:  

The output was:
0


Compilation of the C compiler identification source "CMakeCCompilerId.c" produced "a.out"

The C compiler identification is GNU, found in "/home/zhangna/LIEF-2/build/CMakeFiles/3.22.0/CompilerIdC/a.out"

Compiling the CXX compiler identification source file "CMakeCXXCompilerId.cpp" succeeded.
Compiler: /usr/bin/c++ 
Build flags: 
Id flags:  

The output was:
0


Compilation of the CXX compiler identification source "CMakeCXXCompilerId.cpp" produced "a.out"

The CXX compiler identification is GNU, found in "/home/zhangna/LIEF-2/build/CMakeFiles/3.22.0/CompilerIdCXX/a.out"

Detecting C compiler ABI info compiled with the following output:
Change Dir: /home/zhangna/LIEF-2/build/CMakeFiles/CMakeTmp

Run Build Command(s):/usr/bin/gmake -f Makefile cmTC_703d2/fast && /usr/bin/gmake  -f CMakeFiles/cmTC_703d2.dir/build.make CMakeFiles/cmTC_703d2.dir/build
gmake[1]: Entering directory '/home/zhangna/LIEF-2/build/CMakeFiles/CMakeTmp'
Building C object CMakeFiles/cmTC_703d2.dir/CMakeCCompilerABI.c.o
/usr/bin/cc   -v -o CMakeFiles/cmTC_703d2.dir/CMakeCCompilerABI.c.o -c /usr/share/cmake/Modules/CMakeCCompilerABI.c
Using built-in specs.
COLLECT_GCC=/usr/bin/cc
Target: loongarch64-linux-gnu
Configured with: ../configure --prefix=/usr --mandir=/usr/share/man --infodir=/usr/share/info --enable-shared --enable-threads=posix --enable-checking=release --with-system-zlib --enable-__cxa_atexit --disable-libunwind-exceptions --enable-gnu-unique-object --enable-linker-build-id --with-linker-hash-style=gnu --enable-languages=c,c++,objc,obj-c++,fortran,lto --enable-plugin --enable-initfini-array --disable-libgcj --with-isl --without-cloog --enable-gnu-indirect-function --build=loongarch64-linux-gnu --with-stage1-ldflags=' -Wl,-z,relro,-z,now' --with-boot-ldflags=' -Wl,-z,relro,-z,now' --disable-bootstrap --with-arch=loongarch64 --with-abi=lp64d --disable-libquadmath --disable-multilib --enable-tls
Thread model: posix
Supported LTO compression algorithms: zlib
gcc version 10.3.1 (GCC) 
COLLECT_GCC_OPTIONS='-v' '-o' 'CMakeFiles/cmTC_703d2.dir/CMakeCCompilerABI.c.o' '-c' '-mabi=lp64d' '-march=loongarch64' '-mfpu=64' '-mcmodel=normal' '-mtune=la464'
 /usr/libexec/gcc/loongarch64-linux-gnu/10.3.1/cc1 -quiet -v -imultilib . /usr/share/cmake/Modules/CMakeCCompilerABI.c -quiet -dumpbase CMakeCCompilerABI.c -mabi=lp64d -march=loongarch64 -mfpu=64 -mcmodel=normal -mtune=la464 -auxbase-strip CMakeFiles/cmTC_703d2.dir/CMakeCCompilerABI.c.o -version -o /tmp/cc9YGwwe.s
GNU C17 (GCC) version 10.3.1 (loongarch64-linux-gnu)
	compiled by GNU C version 10.3.1, GMP version 6.2.1, MPFR version 4.1.0, MPC version 1.2.0, isl version isl-0.16.1-GMP

GGC heuristics: --param ggc-min-expand=100 --param ggc-min-heapsize=131072
ignoring nonexistent directory "/usr/lib/gcc/loongarch64-linux-gnu/10.3.1/include-fixed"
ignoring nonexistent directory "/usr/lib/gcc/loongarch64-linux-gnu/10.3.1/../../../../loongarch64-linux-gnu/include"
#include "..." search starts here:
#include <...> search starts here:
 /usr/lib/gcc/loongarch64-linux-gnu/10.3.1/include
 /usr/local/include
 /usr/include
End of search list.
GNU C17 (GCC) version 10.3.1 (loongarch64-linux-gnu)
	compiled by GNU C version 10.3.1, GMP version 6.2.1, MPFR version 4.1.0, MPC version 1.2.0, isl version isl-0.16.1-GMP

GGC heuristics: --param ggc-min-expand=100 --param ggc-min-heapsize=131072
Compiler executable checksum: cc0664af6b778103cfb07b96cdcb540d
COLLECT_GCC_OPTIONS='-v' '-o' 'CMakeFiles/cmTC_703d2.dir/CMakeCCompilerABI.c.o' '-c' '-mabi=lp64d' '-march=loongarch64' '-mfpu=64' '-mcmodel=normal' '-mtune=la464'
 as -v -mabi=lp64d -o CMakeFiles/cmTC_703d2.dir/CMakeCCompilerABI.c.o /tmp/cc9YGwwe.s
GNU assembler version 2.37 (loongarch64-openEuler-linux) using BFD version (GNU Binutils) 2.37
COMPILER_PATH=/usr/libexec/gcc/loongarch64-linux-gnu/10.3.1/:/usr/libexec/gcc/loongarch64-linux-gnu/10.3.1/:/usr/libexec/gcc/loongarch64-linux-gnu/:/usr/lib/gcc/loongarch64-linux-gnu/10.3.1/:/usr/lib/gcc/loongarch64-linux-gnu/
LIBRARY_PATH=/usr/lib/gcc/loongarch64-linux-gnu/10.3.1/:/usr/lib/gcc/loongarch64-linux-gnu/10.3.1/../../../../lib64/:/lib/../lib64/:/usr/lib/../lib64/:/usr/lib/gcc/loongarch64-linux-gnu/10.3.1/../../../:/lib/:/usr/lib/
COLLECT_GCC_OPTIONS='-v' '-o' 'CMakeFiles/cmTC_703d2.dir/CMakeCCompilerABI.c.o' '-c' '-mabi=lp64d' '-march=loongarch64' '-mfpu=64' '-mcmodel=normal' '-mtune=la464'
Linking C executable cmTC_703d2
/usr/bin/cmake -E cmake_link_script CMakeFiles/cmTC_703d2.dir/link.txt --verbose=1
/usr/bin/cc  -v CMakeFiles/cmTC_703d2.dir/CMakeCCompilerABI.c.o -o cmTC_703d2 
Using built-in specs.
COLLECT_GCC=/usr/bin/cc
COLLECT_LTO_WRAPPER=/usr/libexec/gcc/loongarch64-linux-gnu/10.3.1/lto-wrapper
Target: loongarch64-linux-gnu
Configured with: ../configure --prefix=/usr --mandir=/usr/share/man --infodir=/usr/share/info --enable-shared --enable-threads=posix --enable-checking=release --with-system-zlib --enable-__cxa_atexit --disable-libunwind-exceptions --enable-gnu-unique-object --enable-linker-build-id --with-linker-hash-style=gnu --enable-languages=c,c++,objc,obj-c++,fortran,lto --enable-plugin --enable-initfini-array --disable-libgcj --with-isl --without-cloog --enable-gnu-indirect-function --build=loongarch64-linux-gnu --with-stage1-ldflags=' -Wl,-z,relro,-z,now' --with-boot-ldflags=' -Wl,-z,relro,-z,now' --disable-bootstrap --with-arch=loongarch64 --with-abi=lp64d --disable-libquadmath --disable-multilib --enable-tls
Thread model: posix
Supported LTO compression algorithms: zlib
gcc version 10.3.1 (GCC) 
COMPILER_PATH=/usr/libexec/gcc/loongarch64-linux-gnu/10.3.1/:/usr/libexec/gcc/loongarch64-linux-gnu/10.3.1/:/usr/libexec/gcc/loongarch64-linux-gnu/:/usr/lib/gcc/loongarch64-linux-gnu/10.3.1/:/usr/lib/gcc/loongarch64-linux-gnu/
LIBRARY_PATH=/usr/lib/gcc/loongarch64-linux-gnu/10.3.1/:/usr/lib/gcc/loongarch64-linux-gnu/10.3.1/../../../../lib64/:/lib/../lib64/:/usr/lib/../lib64/:/usr/lib/gcc/loongarch64-linux-gnu/10.3.1/../../../:/lib/:/usr/lib/
COLLECT_GCC_OPTIONS='-v' '-o' 'cmTC_703d2' '-mabi=lp64d' '-march=loongarch64' '-mfpu=64' '-mcmodel=normal' '-mtune=la464'
 /usr/libexec/gcc/loongarch64-linux-gnu/10.3.1/collect2 -plugin /usr/libexec/gcc/loongarch64-linux-gnu/10.3.1/liblto_plugin.so -plugin-opt=/usr/libexec/gcc/loongarch64-linux-gnu/10.3.1/lto-wrapper -plugin-opt=-fresolution=/tmp/cctk2dqF.res -plugin-opt=-pass-through=-lgcc -plugin-opt=-pass-through=-lgcc_s -plugin-opt=-pass-through=-lc -plugin-opt=-pass-through=-lgcc -plugin-opt=-pass-through=-lgcc_s --build-id --eh-frame-hdr --hash-style=gnu -m elf64loongarch -dynamic-linker /lib64/ld-linux-loongarch-lp64d.so.1 -o cmTC_703d2 /usr/lib/gcc/loongarch64-linux-gnu/10.3.1/../../../../lib64/crt1.o /usr/lib/gcc/loongarch64-linux-gnu/10.3.1/../../../../lib64/crti.o /usr/lib/gcc/loongarch64-linux-gnu/10.3.1/crtbegin.o -L/usr/lib/gcc/loongarch64-linux-gnu/10.3.1 -L/usr/lib/gcc/loongarch64-linux-gnu/10.3.1/../../../../lib64 -L/lib/../lib64 -L/usr/lib/../lib64 -L/usr/lib/gcc/loongarch64-linux-gnu/10.3.1/../../.. CMakeFiles/cmTC_703d2.dir/CMakeCCompilerABI.c.o -lgcc --push-state --as-needed -lgcc_s --pop-state -lc -lgcc --push-state --as-needed -lgcc_s --pop-state /usr/lib/gcc/loongarch64-linux-gnu/10.3.1/crtend.o /usr/lib/gcc/loongarch64-linux-gnu/10.3.1/../../../../lib64/crtn.o
COLLECT_GCC_OPTIONS='-v' '-o' 'cmTC_703d2' '-mabi=lp64d' '-march=loongarch64' '-mfpu=64' '-mcmodel=normal' '-mtune=la464'
gmake[1]: Leaving directory '/home/zhangna/LIEF-2/build/CMakeFiles/CMakeTmp'



Parsed C implicit include dir info from above output: rv=done
  found start of include info
  found start of implicit include info
    add: [/usr/lib/gcc/loongarch64-linux-gnu/10.3.1/include]
    add: [/usr/local/include]
    add: [/usr/include]
  end of search list found
  collapse include dir [/usr/lib/gcc/loongarch64-linux-gnu/10.3.1/include] ==> [/usr/lib/gcc/loongarch64-linux-gnu/10.3.1/include]
  collapse include dir [/usr/local/include] ==> [/usr/local/include]
  collapse include dir [/usr/include] ==> [/usr/include]
  implicit include dirs: [/usr/lib/gcc/loongarch64-linux-gnu/10.3.1/include;/usr/local/include;/usr/include]


Parsed C implicit link information from above output:
  link line regex: [^( *|.*[/\])(ld|CMAKE_LINK_STARTFILE-NOTFOUND|([^/\]+-)?ld|collect2)[^/\]*( |$)]
  ignore line: [Change Dir: /home/zhangna/LIEF-2/build/CMakeFiles/CMakeTmp]
  ignore line: []
  ignore line: [Run Build Command(s):/usr/bin/gmake -f Makefile cmTC_703d2/fast && /usr/bin/gmake  -f CMakeFiles/cmTC_703d2.dir/build.make CMakeFiles/cmTC_703d2.dir/build]
  ignore line: [gmake[1]: Entering directory '/home/zhangna/LIEF-2/build/CMakeFiles/CMakeTmp']
  ignore line: [Building C object CMakeFiles/cmTC_703d2.dir/CMakeCCompilerABI.c.o]
  ignore line: [/usr/bin/cc   -v -o CMakeFiles/cmTC_703d2.dir/CMakeCCompilerABI.c.o -c /usr/share/cmake/Modules/CMakeCCompilerABI.c]
  ignore line: [Using built-in specs.]
  ignore line: [COLLECT_GCC=/usr/bin/cc]
  ignore line: [Target: loongarch64-linux-gnu]
  ignore line: [Configured with: ../configure --prefix=/usr --mandir=/usr/share/man --infodir=/usr/share/info --enable-shared --enable-threads=posix --enable-checking=release --with-system-zlib --enable-__cxa_atexit --disable-libunwind-exceptions --enable-gnu-unique-object --enable-linker-build-id --with-linker-hash-style=gnu --enable-languages=c,c++,objc,obj-c++,fortran,lto --enable-plugin --enable-initfini-array --disable-libgcj --with-isl --without-cloog --enable-gnu-indirect-function --build=loongarch64-linux-gnu --with-stage1-ldflags=' -Wl,-z,relro,-z,now' --with-boot-ldflags=' -Wl,-z,relro,-z,now' --disable-bootstrap --with-arch=loongarch64 --with-abi=lp64d --disable-libquadmath --disable-multilib --enable-tls]
  ignore line: [Thread model: posix]
  ignore line: [Supported LTO compression algorithms: zlib]
  ignore line: [gcc version 10.3.1 (GCC) ]
  ignore line: [COLLECT_GCC_OPTIONS='-v' '-o' 'CMakeFiles/cmTC_703d2.dir/CMakeCCompilerABI.c.o' '-c' '-mabi=lp64d' '-march=loongarch64' '-mfpu=64' '-mcmodel=normal' '-mtune=la464']
  ignore line: [ /usr/libexec/gcc/loongarch64-linux-gnu/10.3.1/cc1 -quiet -v -imultilib . /usr/share/cmake/Modules/CMakeCCompilerABI.c -quiet -dumpbase CMakeCCompilerABI.c -mabi=lp64d -march=loongarch64 -mfpu=64 -mcmodel=normal -mtune=la464 -auxbase-strip CMakeFiles/cmTC_703d2.dir/CMakeCCompilerABI.c.o -version -o /tmp/cc9YGwwe.s]
  ignore line: [GNU C17 (GCC) version 10.3.1 (loongarch64-linux-gnu)]
  ignore line: [	compiled by GNU C version 10.3.1  GMP version 6.2.1  MPFR version 4.1.0  MPC version 1.2.0  isl version isl-0.16.1-GMP]
  ignore line: []
  ignore line: [GGC heuristics: --param ggc-min-expand=100 --param ggc-min-heapsize=131072]
  ignore line: [ignoring nonexistent directory "/usr/lib/gcc/loongarch64-linux-gnu/10.3.1/include-fixed"]
  ignore line: [ignoring nonexistent directory "/usr/lib/gcc/loongarch64-linux-gnu/10.3.1/../../../../loongarch64-linux-gnu/include"]
  ignore line: [#include "..." search starts here:]
  ignore line: [#include <...> search starts here:]
  ignore line: [ /usr/lib/gcc/loongarch64-linux-gnu/10.3.1/include]
  ignore line: [ /usr/local/include]
  ignore line: [ /usr/include]
  ignore line: [End of search list.]
  ignore line: [GNU C17 (GCC) version 10.3.1 (loongarch64-linux-gnu)]
  ignore line: [	compiled by GNU C version 10.3.1  GMP version 6.2.1  MPFR version 4.1.0  MPC version 1.2.0  isl version isl-0.16.1-GMP]
  ignore line: []
  ignore line: [GGC heuristics: --param ggc-min-expand=100 --param ggc-min-heapsize=131072]
  ignore line: [Compiler executable checksum: cc0664af6b778103cfb07b96cdcb540d]
  ignore line: [COLLECT_GCC_OPTIONS='-v' '-o' 'CMakeFiles/cmTC_703d2.dir/CMakeCCompilerABI.c.o' '-c' '-mabi=lp64d' '-march=loongarch64' '-mfpu=64' '-mcmodel=normal' '-mtune=la464']
  ignore line: [ as -v -mabi=lp64d -o CMakeFiles/cmTC_703d2.dir/CMakeCCompilerABI.c.o /tmp/cc9YGwwe.s]
  ignore line: [GNU assembler version 2.37 (loongarch64-openEuler-linux) using BFD version (GNU Binutils) 2.37]
  ignore line: [COMPILER_PATH=/usr/libexec/gcc/loongarch64-linux-gnu/10.3.1/:/usr/libexec/gcc/loongarch64-linux-gnu/10.3.1/:/usr/libexec/gcc/loongarch64-linux-gnu/:/usr/lib/gcc/loongarch64-linux-gnu/10.3.1/:/usr/lib/gcc/loongarch64-linux-gnu/]
  ignore line: [LIBRARY_PATH=/usr/lib/gcc/loongarch64-linux-gnu/10.3.1/:/usr/lib/gcc/loongarch64-linux-gnu/10.3.1/../../../../lib64/:/lib/../lib64/:/usr/lib/../lib64/:/usr/lib/gcc/loongarch64-linux-gnu/10.3.1/../../../:/lib/:/usr/lib/]
  ignore line: [COLLECT_GCC_OPTIONS='-v' '-o' 'CMakeFiles/cmTC_703d2.dir/CMakeCCompilerABI.c.o' '-c' '-mabi=lp64d' '-march=loongarch64' '-mfpu=64' '-mcmodel=normal' '-mtune=la464']
  ignore line: [Linking C executable cmTC_703d2]
  ignore line: [/usr/bin/cmake -E cmake_link_script CMakeFiles/cmTC_703d2.dir/link.txt --verbose=1]
  ignore line: [/usr/bin/cc  -v CMakeFiles/cmTC_703d2.dir/CMakeCCompilerABI.c.o -o cmTC_703d2 ]
  ignore line: [Using built-in specs.]
  ignore line: [COLLECT_GCC=/usr/bin/cc]
  ignore line: [COLLECT_LTO_WRAPPER=/usr/libexec/gcc/loongarch64-linux-gnu/10.3.1/lto-wrapper]
  ignore line: [Target: loongarch64-linux-gnu]
  ignore line: [Configured with: ../configure --prefix=/usr --mandir=/usr/share/man --infodir=/usr/share/info --enable-shared --enable-threads=posix --enable-checking=release --with-system-zlib --enable-__cxa_atexit --disable-libunwind-exceptions --enable-gnu-unique-object --enable-linker-build-id --with-linker-hash-style=gnu --enable-languages=c,c++,objc,obj-c++,fortran,lto --enable-plugin --enable-initfini-array --disable-libgcj --with-isl --without-cloog --enable-gnu-indirect-function --build=loongarch64-linux-gnu --with-stage1-ldflags=' -Wl,-z,relro,-z,now' --with-boot-ldflags=' -Wl,-z,relro,-z,now' --disable-bootstrap --with-arch=loongarch64 --with-abi=lp64d --disable-libquadmath --disable-multilib --enable-tls]
  ignore line: [Thread model: posix]
  ignore line: [Supported LTO compression algorithms: zlib]
  ignore line: [gcc version 10.3.1 (GCC) ]
  ignore line: [COMPILER_PATH=/usr/libexec/gcc/loongarch64-linux-gnu/10.3.1/:/usr/libexec/gcc/loongarch64-linux-gnu/10.3.1/:/usr/libexec/gcc/loongarch64-linux-gnu/:/usr/lib/gcc/loongarch64-linux-gnu/10.3.1/:/usr/lib/gcc/loongarch64-linux-gnu/]
  ignore line: [LIBRARY_PATH=/usr/lib/gcc/loongarch64-linux-gnu/10.3.1/:/usr/lib/gcc/loongarch64-linux-gnu/10.3.1/../../../../lib64/:/lib/../lib64/:/usr/lib/../lib64/:/usr/lib/gcc/loongarch64-linux-gnu/10.3.1/../../../:/lib/:/usr/lib/]
  ignore line: [COLLECT_GCC_OPTIONS='-v' '-o' 'cmTC_703d2' '-mabi=lp64d' '-march=loongarch64' '-mfpu=64' '-mcmodel=normal' '-mtune=la464']
  link line: [ /usr/libexec/gcc/loongarch64-linux-gnu/10.3.1/collect2 -plugin /usr/libexec/gcc/loongarch64-linux-gnu/10.3.1/liblto_plugin.so -plugin-opt=/usr/libexec/gcc/loongarch64-linux-gnu/10.3.1/lto-wrapper -plugin-opt=-fresolution=/tmp/cctk2dqF.res -plugin-opt=-pass-through=-lgcc -plugin-opt=-pass-through=-lgcc_s -plugin-opt=-pass-through=-lc -plugin-opt=-pass-through=-lgcc -plugin-opt=-pass-through=-lgcc_s --build-id --eh-frame-hdr --hash-style=gnu -m elf64loongarch -dynamic-linker /lib64/ld-linux-loongarch-lp64d.so.1 -o cmTC_703d2 /usr/lib/gcc/loongarch64-linux-gnu/10.3.1/../../../../lib64/crt1.o /usr/lib/gcc/loongarch64-linux-gnu/10.3.1/../../../../lib64/crti.o /usr/lib/gcc/loongarch64-linux-gnu/10.3.1/crtbegin.o -L/usr/lib/gcc/loongarch64-linux-gnu/10.3.1 -L/usr/lib/gcc/loongarch64-linux-gnu/10.3.1/../../../../lib64 -L/lib/../lib64 -L/usr/lib/../lib64 -L/usr/lib/gcc/loongarch64-linux-gnu/10.3.1/../../.. CMakeFiles/cmTC_703d2.dir/CMakeCCompilerABI.c.o -lgcc --push-state --as-needed -lgcc_s --pop-state -lc -lgcc --push-state --as-needed -lgcc_s --pop-state /usr/lib/gcc/loongarch64-linux-gnu/10.3.1/crtend.o /usr/lib/gcc/loongarch64-linux-gnu/10.3.1/../../../../lib64/crtn.o]
    arg [/usr/libexec/gcc/loongarch64-linux-gnu/10.3.1/collect2] ==> ignore
    arg [-plugin] ==> ignore
    arg [/usr/libexec/gcc/loongarch64-linux-gnu/10.3.1/liblto_plugin.so] ==> ignore
    arg [-plugin-opt=/usr/libexec/gcc/loongarch64-linux-gnu/10.3.1/lto-wrapper] ==> ignore
    arg [-plugin-opt=-fresolution=/tmp/cctk2dqF.res] ==> ignore
    arg [-plugin-opt=-pass-through=-lgcc] ==> ignore
    arg [-plugin-opt=-pass-through=-lgcc_s] ==> ignore
    arg [-plugin-opt=-pass-through=-lc] ==> ignore
    arg [-plugin-opt=-pass-through=-lgcc] ==> ignore
    arg [-plugin-opt=-pass-through=-lgcc_s] ==> ignore
    arg [--build-id] ==> ignore
    arg [--eh-frame-hdr] ==> ignore
    arg [--hash-style=gnu] ==> ignore
    arg [-m] ==> ignore
    arg [elf64loongarch] ==> ignore
    arg [-dynamic-linker] ==> ignore
    arg [/lib64/ld-linux-loongarch-lp64d.so.1] ==> ignore
    arg [-o] ==> ignore
    arg [cmTC_703d2] ==> ignore
    arg [/usr/lib/gcc/loongarch64-linux-gnu/10.3.1/../../../../lib64/crt1.o] ==> obj [/usr/lib/gcc/loongarch64-linux-gnu/10.3.1/../../../../lib64/crt1.o]
    arg [/usr/lib/gcc/loongarch64-linux-gnu/10.3.1/../../../../lib64/crti.o] ==> obj [/usr/lib/gcc/loongarch64-linux-gnu/10.3.1/../../../../lib64/crti.o]
    arg [/usr/lib/gcc/loongarch64-linux-gnu/10.3.1/crtbegin.o] ==> obj [/usr/lib/gcc/loongarch64-linux-gnu/10.3.1/crtbegin.o]
    arg [-L/usr/lib/gcc/loongarch64-linux-gnu/10.3.1] ==> dir [/usr/lib/gcc/loongarch64-linux-gnu/10.3.1]
    arg [-L/usr/lib/gcc/loongarch64-linux-gnu/10.3.1/../../../../lib64] ==> dir [/usr/lib/gcc/loongarch64-linux-gnu/10.3.1/../../../../lib64]
    arg [-L/lib/../lib64] ==> dir [/lib/../lib64]
    arg [-L/usr/lib/../lib64] ==> dir [/usr/lib/../lib64]
    arg [-L/usr/lib/gcc/loongarch64-linux-gnu/10.3.1/../../..] ==> dir [/usr/lib/gcc/loongarch64-linux-gnu/10.3.1/../../..]
    arg [CMakeFiles/cmTC_703d2.dir/CMakeCCompilerABI.c.o] ==> ignore
    arg [-lgcc] ==> lib [gcc]
    arg [--push-state] ==> ignore
    arg [--as-needed] ==> ignore
    arg [-lgcc_s] ==> lib [gcc_s]
    arg [--pop-state] ==> ignore
    arg [-lc] ==> lib [c]
    arg [-lgcc] ==> lib [gcc]
    arg [--push-state] ==> ignore
    arg [--as-needed] ==> ignore
    arg [-lgcc_s] ==> lib [gcc_s]
    arg [--pop-state] ==> ignore
    arg [/usr/lib/gcc/loongarch64-linux-gnu/10.3.1/crtend.o] ==> obj [/usr/lib/gcc/loongarch64-linux-gnu/10.3.1/crtend.o]
    arg [/usr/lib/gcc/loongarch64-linux-gnu/10.3.1/../../../../lib64/crtn.o] ==> obj [/usr/lib/gcc/loongarch64-linux-gnu/10.3.1/../../../../lib64/crtn.o]
  collapse obj [/usr/lib/gcc/loongarch64-linux-gnu/10.3.1/../../../../lib64/crt1.o] ==> [/usr/lib64/crt1.o]
  collapse obj [/usr/lib/gcc/loongarch64-linux-gnu/10.3.1/../../../../lib64/crti.o] ==> [/usr/lib64/crti.o]
  collapse obj [/usr/lib/gcc/loongarch64-linux-gnu/10.3.1/../../../../lib64/crtn.o] ==> [/usr/lib64/crtn.o]
  collapse library dir [/usr/lib/gcc/loongarch64-linux-gnu/10.3.1] ==> [/usr/lib/gcc/loongarch64-linux-gnu/10.3.1]
  collapse library dir [/usr/lib/gcc/loongarch64-linux-gnu/10.3.1/../../../../lib64] ==> [/usr/lib64]
  collapse library dir [/lib/../lib64] ==> [/lib64]
  collapse library dir [/usr/lib/../lib64] ==> [/usr/lib64]
  collapse library dir [/usr/lib/gcc/loongarch64-linux-gnu/10.3.1/../../..] ==> [/usr/lib]
  implicit libs: [gcc;gcc_s;c;gcc;gcc_s]
  implicit objs: [/usr/lib64/crt1.o;/usr/lib64/crti.o;/usr/lib/gcc/loongarch64-linux-gnu/10.3.1/crtbegin.o;/usr/lib/gcc/loongarch64-linux-gnu/10.3.1/crtend.o;/usr/lib64/crtn.o]
  implicit dirs: [/usr/lib/gcc/loongarch64-linux-gnu/10.3.1;/usr/lib64;/lib64;/usr/lib]
  implicit fwks: []


Detecting CXX compiler ABI info compiled with the following output:
Change Dir: /home/zhangna/LIEF-2/build/CMakeFiles/CMakeTmp

Run Build Command(s):/usr/bin/gmake -f Makefile cmTC_f3dbb/fast && /usr/bin/gmake  -f CMakeFiles/cmTC_f3dbb.dir/build.make CMakeFiles/cmTC_f3dbb.dir/build
gmake[1]: Entering directory '/home/zhangna/LIEF-2/build/CMakeFiles/CMakeTmp'
Building CXX object CMakeFiles/cmTC_f3dbb.dir/CMakeCXXCompilerABI.cpp.o
/usr/bin/c++   -v -o CMakeFiles/cmTC_f3dbb.dir/CMakeCXXCompilerABI.cpp.o -c /usr/share/cmake/Modules/CMakeCXXCompilerABI.cpp
Using built-in specs.
COLLECT_GCC=/usr/bin/c++
Target: loongarch64-linux-gnu
Configured with: ../configure --prefix=/usr --mandir=/usr/share/man --infodir=/usr/share/info --enable-shared --enable-threads=posix --enable-checking=release --with-system-zlib --enable-__cxa_atexit --disable-libunwind-exceptions --enable-gnu-unique-object --enable-linker-build-id --with-linker-hash-style=gnu --enable-languages=c,c++,objc,obj-c++,fortran,lto --enable-plugin --enable-initfini-array --disable-libgcj --with-isl --without-cloog --enable-gnu-indirect-function --build=loongarch64-linux-gnu --with-stage1-ldflags=' -Wl,-z,relro,-z,now' --with-boot-ldflags=' -Wl,-z,relro,-z,now' --disable-bootstrap --with-arch=loongarch64 --with-abi=lp64d --disable-libquadmath --disable-multilib --enable-tls
Thread model: posix
Supported LTO compression algorithms: zlib
gcc version 10.3.1 (GCC) 
COLLECT_GCC_OPTIONS='-v' '-o' 'CMakeFiles/cmTC_f3dbb.dir/CMakeCXXCompilerABI.cpp.o' '-c' '-shared-libgcc' '-mabi=lp64d' '-march=loongarch64' '-mfpu=64' '-mcmodel=normal' '-mtune=la464'
 /usr/libexec/gcc/loongarch64-linux-gnu/10.3.1/cc1plus -quiet -v -imultilib . -D_GNU_SOURCE /usr/share/cmake/Modules/CMakeCXXCompilerABI.cpp -quiet -dumpbase CMakeCXXCompilerABI.cpp -mabi=lp64d -march=loongarch64 -mfpu=64 -mcmodel=normal -mtune=la464 -auxbase-strip CMakeFiles/cmTC_f3dbb.dir/CMakeCXXCompilerABI.cpp.o -version -o /tmp/ccHaDKfi.s
GNU C++14 (GCC) version 10.3.1 (loongarch64-linux-gnu)
	compiled by GNU C version 10.3.1, GMP version 6.2.1, MPFR version 4.1.0, MPC version 1.2.0, isl version isl-0.16.1-GMP

GGC heuristics: --param ggc-min-expand=100 --param ggc-min-heapsize=131072
ignoring nonexistent directory "/usr/lib/gcc/loongarch64-linux-gnu/10.3.1/include-fixed"
ignoring nonexistent directory "/usr/lib/gcc/loongarch64-linux-gnu/10.3.1/../../../../loongarch64-linux-gnu/include"
#include "..." search starts here:
#include <...> search starts here:
 /usr/lib/gcc/loongarch64-linux-gnu/10.3.1/../../../../include/c++/10.3.1
 /usr/lib/gcc/loongarch64-linux-gnu/10.3.1/../../../../include/c++/10.3.1/loongarch64-linux-gnu/.
 /usr/lib/gcc/loongarch64-linux-gnu/10.3.1/../../../../include/c++/10.3.1/backward
 /usr/lib/gcc/loongarch64-linux-gnu/10.3.1/include
 /usr/local/include
 /usr/include
End of search list.
GNU C++14 (GCC) version 10.3.1 (loongarch64-linux-gnu)
	compiled by GNU C version 10.3.1, GMP version 6.2.1, MPFR version 4.1.0, MPC version 1.2.0, isl version isl-0.16.1-GMP

GGC heuristics: --param ggc-min-expand=100 --param ggc-min-heapsize=131072
Compiler executable checksum: d4a7d0d82ad4f02fe73f2df959b8da06
COLLECT_GCC_OPTIONS='-v' '-o' 'CMakeFiles/cmTC_f3dbb.dir/CMakeCXXCompilerABI.cpp.o' '-c' '-shared-libgcc' '-mabi=lp64d' '-march=loongarch64' '-mfpu=64' '-mcmodel=normal' '-mtune=la464'
 as -v -mabi=lp64d -o CMakeFiles/cmTC_f3dbb.dir/CMakeCXXCompilerABI.cpp.o /tmp/ccHaDKfi.s
GNU assembler version 2.37 (loongarch64-openEuler-linux) using BFD version (GNU Binutils) 2.37
COMPILER_PATH=/usr/libexec/gcc/loongarch64-linux-gnu/10.3.1/:/usr/libexec/gcc/loongarch64-linux-gnu/10.3.1/:/usr/libexec/gcc/loongarch64-linux-gnu/:/usr/lib/gcc/loongarch64-linux-gnu/10.3.1/:/usr/lib/gcc/loongarch64-linux-gnu/
LIBRARY_PATH=/usr/lib/gcc/loongarch64-linux-gnu/10.3.1/:/usr/lib/gcc/loongarch64-linux-gnu/10.3.1/../../../../lib64/:/lib/../lib64/:/usr/lib/../lib64/:/usr/lib/gcc/loongarch64-linux-gnu/10.3.1/../../../:/lib/:/usr/lib/
COLLECT_GCC_OPTIONS='-v' '-o' 'CMakeFiles/cmTC_f3dbb.dir/CMakeCXXCompilerABI.cpp.o' '-c' '-shared-libgcc' '-mabi=lp64d' '-march=loongarch64' '-mfpu=64' '-mcmodel=normal' '-mtune=la464'
Linking CXX executable cmTC_f3dbb
/usr/bin/cmake -E cmake_link_script CMakeFiles/cmTC_f3dbb.dir/link.txt --verbose=1
/usr/bin/c++  -v CMakeFiles/cmTC_f3dbb.dir/CMakeCXXCompilerABI.cpp.o -o cmTC_f3dbb 
Using built-in specs.
COLLECT_GCC=/usr/bin/c++
COLLECT_LTO_WRAPPER=/usr/libexec/gcc/loongarch64-linux-gnu/10.3.1/lto-wrapper
Target: loongarch64-linux-gnu
Configured with: ../configure --prefix=/usr --mandir=/usr/share/man --infodir=/usr/share/info --enable-shared --enable-threads=posix --enable-checking=release --with-system-zlib --enable-__cxa_atexit --disable-libunwind-exceptions --enable-gnu-unique-object --enable-linker-build-id --with-linker-hash-style=gnu --enable-languages=c,c++,objc,obj-c++,fortran,lto --enable-plugin --enable-initfini-array --disable-libgcj --with-isl --without-cloog --enable-gnu-indirect-function --build=loongarch64-linux-gnu --with-stage1-ldflags=' -Wl,-z,relro,-z,now' --with-boot-ldflags=' -Wl,-z,relro,-z,now' --disable-bootstrap --with-arch=loongarch64 --with-abi=lp64d --disable-libquadmath --disable-multilib --enable-tls
Thread model: posix
Supported LTO compression algorithms: zlib
gcc version 10.3.1 (GCC) 
COMPILER_PATH=/usr/libexec/gcc/loongarch64-linux-gnu/10.3.1/:/usr/libexec/gcc/loongarch64-linux-gnu/10.3.1/:/usr/libexec/gcc/loongarch64-linux-gnu/:/usr/lib/gcc/loongarch64-linux-gnu/10.3.1/:/usr/lib/gcc/loongarch64-linux-gnu/
LIBRARY_PATH=/usr/lib/gcc/loongarch64-linux-gnu/10.3.1/:/usr/lib/gcc/loongarch64-linux-gnu/10.3.1/../../../../lib64/:/lib/../lib64/:/usr/lib/../lib64/:/usr/lib/gcc/loongarch64-linux-gnu/10.3.1/../../../:/lib/:/usr/lib/
COLLECT_GCC_OPTIONS='-v' '-o' 'cmTC_f3dbb' '-shared-libgcc' '-mabi=lp64d' '-march=loongarch64' '-mfpu=64' '-mcmodel=normal' '-mtune=la464'
 /usr/libexec/gcc/loongarch64-linux-gnu/10.3.1/collect2 -plugin /usr/libexec/gcc/loongarch64-linux-gnu/10.3.1/liblto_plugin.so -plugin-opt=/usr/libexec/gcc/loongarch64-linux-gnu/10.3.1/lto-wrapper -plugin-opt=-fresolution=/tmp/cc0xYKRQ.res -plugin-opt=-pass-through=-lgcc_s -plugin-opt=-pass-through=-lgcc -plugin-opt=-pass-through=-lc -plugin-opt=-pass-through=-lgcc_s -plugin-opt=-pass-through=-lgcc --build-id --eh-frame-hdr --hash-style=gnu -m elf64loongarch -dynamic-linker /lib64/ld-linux-loongarch-lp64d.so.1 -o cmTC_f3dbb /usr/lib/gcc/loongarch64-linux-gnu/10.3.1/../../../../lib64/crt1.o /usr/lib/gcc/loongarch64-linux-gnu/10.3.1/../../../../lib64/crti.o /usr/lib/gcc/loongarch64-linux-gnu/10.3.1/crtbegin.o -L/usr/lib/gcc/loongarch64-linux-gnu/10.3.1 -L/usr/lib/gcc/loongarch64-linux-gnu/10.3.1/../../../../lib64 -L/lib/../lib64 -L/usr/lib/../lib64 -L/usr/lib/gcc/loongarch64-linux-gnu/10.3.1/../../.. CMakeFiles/cmTC_f3dbb.dir/CMakeCXXCompilerABI.cpp.o -lstdc++ -lm -lgcc_s -lgcc -lc -lgcc_s -lgcc /usr/lib/gcc/loongarch64-linux-gnu/10.3.1/crtend.o /usr/lib/gcc/loongarch64-linux-gnu/10.3.1/../../../../lib64/crtn.o
COLLECT_GCC_OPTIONS='-v' '-o' 'cmTC_f3dbb' '-shared-libgcc' '-mabi=lp64d' '-march=loongarch64' '-mfpu=64' '-mcmodel=normal' '-mtune=la464'
gmake[1]: Leaving directory '/home/zhangna/LIEF-2/build/CMakeFiles/CMakeTmp'



Parsed CXX implicit include dir info from above output: rv=done
  found start of include info
  found start of implicit include info
    add: [/usr/lib/gcc/loongarch64-linux-gnu/10.3.1/../../../../include/c++/10.3.1]
    add: [/usr/lib/gcc/loongarch64-linux-gnu/10.3.1/../../../../include/c++/10.3.1/loongarch64-linux-gnu/.]
    add: [/usr/lib/gcc/loongarch64-linux-gnu/10.3.1/../../../../include/c++/10.3.1/backward]
    add: [/usr/lib/gcc/loongarch64-linux-gnu/10.3.1/include]
    add: [/usr/local/include]
    add: [/usr/include]
  end of search list found
  collapse include dir [/usr/lib/gcc/loongarch64-linux-gnu/10.3.1/../../../../include/c++/10.3.1] ==> [/usr/include/c++/10.3.1]
  collapse include dir [/usr/lib/gcc/loongarch64-linux-gnu/10.3.1/../../../../include/c++/10.3.1/loongarch64-linux-gnu/.] ==> [/usr/include/c++/10.3.1/loongarch64-linux-gnu]
  collapse include dir [/usr/lib/gcc/loongarch64-linux-gnu/10.3.1/../../../../include/c++/10.3.1/backward] ==> [/usr/include/c++/10.3.1/backward]
  collapse include dir [/usr/lib/gcc/loongarch64-linux-gnu/10.3.1/include] ==> [/usr/lib/gcc/loongarch64-linux-gnu/10.3.1/include]
  collapse include dir [/usr/local/include] ==> [/usr/local/include]
  collapse include dir [/usr/include] ==> [/usr/include]
  implicit include dirs: [/usr/include/c++/10.3.1;/usr/include/c++/10.3.1/loongarch64-linux-gnu;/usr/include/c++/10.3.1/backward;/usr/lib/gcc/loongarch64-linux-gnu/10.3.1/include;/usr/local/include;/usr/include]


Parsed CXX implicit link information from above output:
  link line regex: [^( *|.*[/\])(ld|CMAKE_LINK_STARTFILE-NOTFOUND|([^/\]+-)?ld|collect2)[^/\]*( |$)]
  ignore line: [Change Dir: /home/zhangna/LIEF-2/build/CMakeFiles/CMakeTmp]
  ignore line: []
  ignore line: [Run Build Command(s):/usr/bin/gmake -f Makefile cmTC_f3dbb/fast && /usr/bin/gmake  -f CMakeFiles/cmTC_f3dbb.dir/build.make CMakeFiles/cmTC_f3dbb.dir/build]
  ignore line: [gmake[1]: Entering directory '/home/zhangna/LIEF-2/build/CMakeFiles/CMakeTmp']
  ignore line: [Building CXX object CMakeFiles/cmTC_f3dbb.dir/CMakeCXXCompilerABI.cpp.o]
  ignore line: [/usr/bin/c++   -v -o CMakeFiles/cmTC_f3dbb.dir/CMakeCXXCompilerABI.cpp.o -c /usr/share/cmake/Modules/CMakeCXXCompilerABI.cpp]
  ignore line: [Using built-in specs.]
  ignore line: [COLLECT_GCC=/usr/bin/c++]
  ignore line: [Target: loongarch64-linux-gnu]
  ignore line: [Configured with: ../configure --prefix=/usr --mandir=/usr/share/man --infodir=/usr/share/info --enable-shared --enable-threads=posix --enable-checking=release --with-system-zlib --enable-__cxa_atexit --disable-libunwind-exceptions --enable-gnu-unique-object --enable-linker-build-id --with-linker-hash-style=gnu --enable-languages=c,c++,objc,obj-c++,fortran,lto --enable-plugin --enable-initfini-array --disable-libgcj --with-isl --without-cloog --enable-gnu-indirect-function --build=loongarch64-linux-gnu --with-stage1-ldflags=' -Wl,-z,relro,-z,now' --with-boot-ldflags=' -Wl,-z,relro,-z,now' --disable-bootstrap --with-arch=loongarch64 --with-abi=lp64d --disable-libquadmath --disable-multilib --enable-tls]
  ignore line: [Thread model: posix]
  ignore line: [Supported LTO compression algorithms: zlib]
  ignore line: [gcc version 10.3.1 (GCC) ]
  ignore line: [COLLECT_GCC_OPTIONS='-v' '-o' 'CMakeFiles/cmTC_f3dbb.dir/CMakeCXXCompilerABI.cpp.o' '-c' '-shared-libgcc' '-mabi=lp64d' '-march=loongarch64' '-mfpu=64' '-mcmodel=normal' '-mtune=la464']
  ignore line: [ /usr/libexec/gcc/loongarch64-linux-gnu/10.3.1/cc1plus -quiet -v -imultilib . -D_GNU_SOURCE /usr/share/cmake/Modules/CMakeCXXCompilerABI.cpp -quiet -dumpbase CMakeCXXCompilerABI.cpp -mabi=lp64d -march=loongarch64 -mfpu=64 -mcmodel=normal -mtune=la464 -auxbase-strip CMakeFiles/cmTC_f3dbb.dir/CMakeCXXCompilerABI.cpp.o -version -o /tmp/ccHaDKfi.s]
  ignore line: [GNU C++14 (GCC) version 10.3.1 (loongarch64-linux-gnu)]
  ignore line: [	compiled by GNU C version 10.3.1  GMP version 6.2.1  MPFR version 4.1.0  MPC version 1.2.0  isl version isl-0.16.1-GMP]
  ignore line: []
  ignore line: [GGC heuristics: --param ggc-min-expand=100 --param ggc-min-heapsize=131072]
  ignore line: [ignoring nonexistent directory "/usr/lib/gcc/loongarch64-linux-gnu/10.3.1/include-fixed"]
  ignore line: [ignoring nonexistent directory "/usr/lib/gcc/loongarch64-linux-gnu/10.3.1/../../../../loongarch64-linux-gnu/include"]
  ignore line: [#include "..." search starts here:]
  ignore line: [#include <...> search starts here:]
  ignore line: [ /usr/lib/gcc/loongarch64-linux-gnu/10.3.1/../../../../include/c++/10.3.1]
  ignore line: [ /usr/lib/gcc/loongarch64-linux-gnu/10.3.1/../../../../include/c++/10.3.1/loongarch64-linux-gnu/.]
  ignore line: [ /usr/lib/gcc/loongarch64-linux-gnu/10.3.1/../../../../include/c++/10.3.1/backward]
  ignore line: [ /usr/lib/gcc/loongarch64-linux-gnu/10.3.1/include]
  ignore line: [ /usr/local/include]
  ignore line: [ /usr/include]
  ignore line: [End of search list.]
  ignore line: [GNU C++14 (GCC) version 10.3.1 (loongarch64-linux-gnu)]
  ignore line: [	compiled by GNU C version 10.3.1  GMP version 6.2.1  MPFR version 4.1.0  MPC version 1.2.0  isl version isl-0.16.1-GMP]
  ignore line: []
  ignore line: [GGC heuristics: --param ggc-min-expand=100 --param ggc-min-heapsize=131072]
  ignore line: [Compiler executable checksum: d4a7d0d82ad4f02fe73f2df959b8da06]
  ignore line: [COLLECT_GCC_OPTIONS='-v' '-o' 'CMakeFiles/cmTC_f3dbb.dir/CMakeCXXCompilerABI.cpp.o' '-c' '-shared-libgcc' '-mabi=lp64d' '-march=loongarch64' '-mfpu=64' '-mcmodel=normal' '-mtune=la464']
  ignore line: [ as -v -mabi=lp64d -o CMakeFiles/cmTC_f3dbb.dir/CMakeCXXCompilerABI.cpp.o /tmp/ccHaDKfi.s]
  ignore line: [GNU assembler version 2.37 (loongarch64-openEuler-linux) using BFD version (GNU Binutils) 2.37]
  ignore line: [COMPILER_PATH=/usr/libexec/gcc/loongarch64-linux-gnu/10.3.1/:/usr/libexec/gcc/loongarch64-linux-gnu/10.3.1/:/usr/libexec/gcc/loongarch64-linux-gnu/:/usr/lib/gcc/loongarch64-linux-gnu/10.3.1/:/usr/lib/gcc/loongarch64-linux-gnu/]
  ignore line: [LIBRARY_PATH=/usr/lib/gcc/loongarch64-linux-gnu/10.3.1/:/usr/lib/gcc/loongarch64-linux-gnu/10.3.1/../../../../lib64/:/lib/../lib64/:/usr/lib/../lib64/:/usr/lib/gcc/loongarch64-linux-gnu/10.3.1/../../../:/lib/:/usr/lib/]
  ignore line: [COLLECT_GCC_OPTIONS='-v' '-o' 'CMakeFiles/cmTC_f3dbb.dir/CMakeCXXCompilerABI.cpp.o' '-c' '-shared-libgcc' '-mabi=lp64d' '-march=loongarch64' '-mfpu=64' '-mcmodel=normal' '-mtune=la464']
  ignore line: [Linking CXX executable cmTC_f3dbb]
  ignore line: [/usr/bin/cmake -E cmake_link_script CMakeFiles/cmTC_f3dbb.dir/link.txt --verbose=1]
  ignore line: [/usr/bin/c++  -v CMakeFiles/cmTC_f3dbb.dir/CMakeCXXCompilerABI.cpp.o -o cmTC_f3dbb ]
  ignore line: [Using built-in specs.]
  ignore line: [COLLECT_GCC=/usr/bin/c++]
  ignore line: [COLLECT_LTO_WRAPPER=/usr/libexec/gcc/loongarch64-linux-gnu/10.3.1/lto-wrapper]
  ignore line: [Target: loongarch64-linux-gnu]
  ignore line: [Configured with: ../configure --prefix=/usr --mandir=/usr/share/man --infodir=/usr/share/info --enable-shared --enable-threads=posix --enable-checking=release --with-system-zlib --enable-__cxa_atexit --disable-libunwind-exceptions --enable-gnu-unique-object --enable-linker-build-id --with-linker-hash-style=gnu --enable-languages=c,c++,objc,obj-c++,fortran,lto --enable-plugin --enable-initfini-array --disable-libgcj --with-isl --without-cloog --enable-gnu-indirect-function --build=loongarch64-linux-gnu --with-stage1-ldflags=' -Wl,-z,relro,-z,now' --with-boot-ldflags=' -Wl,-z,relro,-z,now' --disable-bootstrap --with-arch=loongarch64 --with-abi=lp64d --disable-libquadmath --disable-multilib --enable-tls]
  ignore line: [Thread model: posix]
  ignore line: [Supported LTO compression algorithms: zlib]
  ignore line: [gcc version 10.3.1 (GCC) ]
  ignore line: [COMPILER_PATH=/usr/libexec/gcc/loongarch64-linux-gnu/10.3.1/:/usr/libexec/gcc/loongarch64-linux-gnu/10.3.1/:/usr/libexec/gcc/loongarch64-linux-gnu/:/usr/lib/gcc/loongarch64-linux-gnu/10.3.1/:/usr/lib/gcc/loongarch64-linux-gnu/]
  ignore line: [LIBRARY_PATH=/usr/lib/gcc/loongarch64-linux-gnu/10.3.1/:/usr/lib/gcc/loongarch64-linux-gnu/10.3.1/../../../../lib64/:/lib/../lib64/:/usr/lib/../lib64/:/usr/lib/gcc/loongarch64-linux-gnu/10.3.1/../../../:/lib/:/usr/lib/]
  ignore line: [COLLECT_GCC_OPTIONS='-v' '-o' 'cmTC_f3dbb' '-shared-libgcc' '-mabi=lp64d' '-march=loongarch64' '-mfpu=64' '-mcmodel=normal' '-mtune=la464']
  link line: [ /usr/libexec/gcc/loongarch64-linux-gnu/10.3.1/collect2 -plugin /usr/libexec/gcc/loongarch64-linux-gnu/10.3.1/liblto_plugin.so -plugin-opt=/usr/libexec/gcc/loongarch64-linux-gnu/10.3.1/lto-wrapper -plugin-opt=-fresolution=/tmp/cc0xYKRQ.res -plugin-opt=-pass-through=-lgcc_s -plugin-opt=-pass-through=-lgcc -plugin-opt=-pass-through=-lc -plugin-opt=-pass-through=-lgcc_s -plugin-opt=-pass-through=-lgcc --build-id --eh-frame-hdr --hash-style=gnu -m elf64loongarch -dynamic-linker /lib64/ld-linux-loongarch-lp64d.so.1 -o cmTC_f3dbb /usr/lib/gcc/loongarch64-linux-gnu/10.3.1/../../../../lib64/crt1.o /usr/lib/gcc/loongarch64-linux-gnu/10.3.1/../../../../lib64/crti.o /usr/lib/gcc/loongarch64-linux-gnu/10.3.1/crtbegin.o -L/usr/lib/gcc/loongarch64-linux-gnu/10.3.1 -L/usr/lib/gcc/loongarch64-linux-gnu/10.3.1/../../../../lib64 -L/lib/../lib64 -L/usr/lib/../lib64 -L/usr/lib/gcc/loongarch64-linux-gnu/10.3.1/../../.. CMakeFiles/cmTC_f3dbb.dir/CMakeCXXCompilerABI.cpp.o -lstdc++ -lm -lgcc_s -lgcc -lc -lgcc_s -lgcc /usr/lib/gcc/loongarch64-linux-gnu/10.3.1/crtend.o /usr/lib/gcc/loongarch64-linux-gnu/10.3.1/../../../../lib64/crtn.o]
    arg [/usr/libexec/gcc/loongarch64-linux-gnu/10.3.1/collect2] ==> ignore
    arg [-plugin] ==> ignore
    arg [/usr/libexec/gcc/loongarch64-linux-gnu/10.3.1/liblto_plugin.so] ==> ignore
    arg [-plugin-opt=/usr/libexec/gcc/loongarch64-linux-gnu/10.3.1/lto-wrapper] ==> ignore
    arg [-plugin-opt=-fresolution=/tmp/cc0xYKRQ.res] ==> ignore
    arg [-plugin-opt=-pass-through=-lgcc_s] ==> ignore
    arg [-plugin-opt=-pass-through=-lgcc] ==> ignore
    arg [-plugin-opt=-pass-through=-lc] ==> ignore
    arg [-plugin-opt=-pass-through=-lgcc_s] ==> ignore
    arg [-plugin-opt=-pass-through=-lgcc] ==> ignore
    arg [--build-id] ==> ignore
    arg [--eh-frame-hdr] ==> ignore
    arg [--hash-style=gnu] ==> ignore
    arg [-m] ==> ignore
    arg [elf64loongarch] ==> ignore
    arg [-dynamic-linker] ==> ignore
    arg [/lib64/ld-linux-loongarch-lp64d.so.1] ==> ignore
    arg [-o] ==> ignore
    arg [cmTC_f3dbb] ==> ignore
    arg [/usr/lib/gcc/loongarch64-linux-gnu/10.3.1/../../../../lib64/crt1.o] ==> obj [/usr/lib/gcc/loongarch64-linux-gnu/10.3.1/../../../../lib64/crt1.o]
    arg [/usr/lib/gcc/loongarch64-linux-gnu/10.3.1/../../../../lib64/crti.o] ==> obj [/usr/lib/gcc/loongarch64-linux-gnu/10.3.1/../../../../lib64/crti.o]
    arg [/usr/lib/gcc/loongarch64-linux-gnu/10.3.1/crtbegin.o] ==> obj [/usr/lib/gcc/loongarch64-linux-gnu/10.3.1/crtbegin.o]
    arg [-L/usr/lib/gcc/loongarch64-linux-gnu/10.3.1] ==> dir [/usr/lib/gcc/loongarch64-linux-gnu/10.3.1]
    arg [-L/usr/lib/gcc/loongarch64-linux-gnu/10.3.1/../../../../lib64] ==> dir [/usr/lib/gcc/loongarch64-linux-gnu/10.3.1/../../../../lib64]
    arg [-L/lib/../lib64] ==> dir [/lib/../lib64]
    arg [-L/usr/lib/../lib64] ==> dir [/usr/lib/../lib64]
    arg [-L/usr/lib/gcc/loongarch64-linux-gnu/10.3.1/../../..] ==> dir [/usr/lib/gcc/loongarch64-linux-gnu/10.3.1/../../..]
    arg [CMakeFiles/cmTC_f3dbb.dir/CMakeCXXCompilerABI.cpp.o] ==> ignore
    arg [-lstdc++] ==> lib [stdc++]
    arg [-lm] ==> lib [m]
    arg [-lgcc_s] ==> lib [gcc_s]
    arg [-lgcc] ==> lib [gcc]
    arg [-lc] ==> lib [c]
    arg [-lgcc_s] ==> lib [gcc_s]
    arg [-lgcc] ==> lib [gcc]
    arg [/usr/lib/gcc/loongarch64-linux-gnu/10.3.1/crtend.o] ==> obj [/usr/lib/gcc/loongarch64-linux-gnu/10.3.1/crtend.o]
    arg [/usr/lib/gcc/loongarch64-linux-gnu/10.3.1/../../../../lib64/crtn.o] ==> obj [/usr/lib/gcc/loongarch64-linux-gnu/10.3.1/../../../../lib64/crtn.o]
  collapse obj [/usr/lib/gcc/loongarch64-linux-gnu/10.3.1/../../../../lib64/crt1.o] ==> [/usr/lib64/crt1.o]
  collapse obj [/usr/lib/gcc/loongarch64-linux-gnu/10.3.1/../../../../lib64/crti.o] ==> [/usr/lib64/crti.o]
  collapse obj [/usr/lib/gcc/loongarch64-linux-gnu/10.3.1/../../../../lib64/crtn.o] ==> [/usr/lib64/crtn.o]
  collapse library dir [/usr/lib/gcc/loongarch64-linux-gnu/10.3.1] ==> [/usr/lib/gcc/loongarch64-linux-gnu/10.3.1]
  collapse library dir [/usr/lib/gcc/loongarch64-linux-gnu/10.3.1/../../../../lib64] ==> [/usr/lib64]
  collapse library dir [/lib/../lib64] ==> [/lib64]
  collapse library dir [/usr/lib/../lib64] ==> [/usr/lib64]
  collapse library dir [/usr/lib/gcc/loongarch64-linux-gnu/10.3.1/../../..] ==> [/usr/lib]
  implicit libs: [stdc++;m;gcc_s;gcc;c;gcc_s;gcc]
  implicit objs: [/usr/lib64/crt1.o;/usr/lib64/crti.o;/usr/lib/gcc/loongarch64-linux-gnu/10.3.1/crtbegin.o;/usr/lib/gcc/loongarch64-linux-gnu/10.3.1/crtend.o;/usr/lib64/crtn.o]
  implicit dirs: [/usr/lib/gcc/loongarch64-linux-gnu/10.3.1;/usr/lib64;/lib64;/usr/lib]
  implicit fwks: []


Performing C SOURCE FILE Test C_SUPPORTS_WALL succeeded with the following output:
Change Dir: /home/zhangna/LIEF-2/build/CMakeFiles/CMakeTmp

Run Build Command(s):/usr/bin/gmake -f Makefile cmTC_67dee/fast && /usr/bin/gmake  -f CMakeFiles/cmTC_67dee.dir/build.make CMakeFiles/cmTC_67dee.dir/build
gmake[1]: Entering directory '/home/zhangna/LIEF-2/build/CMakeFiles/CMakeTmp'
Building C object CMakeFiles/cmTC_67dee.dir/src.c.o
/usr/bin/cc -DC_SUPPORTS_WALL  -Wall -o CMakeFiles/cmTC_67dee.dir/src.c.o -c /home/zhangna/LIEF-2/build/CMakeFiles/CMakeTmp/src.c
Linking C executable cmTC_67dee
/usr/bin/cmake -E cmake_link_script CMakeFiles/cmTC_67dee.dir/link.txt --verbose=1
/usr/bin/cc CMakeFiles/cmTC_67dee.dir/src.c.o -o cmTC_67dee 
gmake[1]: Leaving directory '/home/zhangna/LIEF-2/build/CMakeFiles/CMakeTmp'


Source file was:
int main(void) { return 0; }
Performing C++ SOURCE FILE Test CXX_SUPPORTS_WALL succeeded with the following output:
Change Dir: /home/zhangna/LIEF-2/build/CMakeFiles/CMakeTmp

Run Build Command(s):/usr/bin/gmake -f Makefile cmTC_bf4bb/fast && /usr/bin/gmake  -f CMakeFiles/cmTC_bf4bb.dir/build.make CMakeFiles/cmTC_bf4bb.dir/build
gmake[1]: Entering directory '/home/zhangna/LIEF-2/build/CMakeFiles/CMakeTmp'
Building CXX object CMakeFiles/cmTC_bf4bb.dir/src.cxx.o
/usr/bin/c++ -DCXX_SUPPORTS_WALL  -Wall -o CMakeFiles/cmTC_bf4bb.dir/src.cxx.o -c /home/zhangna/LIEF-2/build/CMakeFiles/CMakeTmp/src.cxx
Linking CXX executable cmTC_bf4bb
/usr/bin/cmake -E cmake_link_script CMakeFiles/cmTC_bf4bb.dir/link.txt --verbose=1
/usr/bin/c++ CMakeFiles/cmTC_bf4bb.dir/src.cxx.o -o cmTC_bf4bb 
gmake[1]: Leaving directory '/home/zhangna/LIEF-2/build/CMakeFiles/CMakeTmp'


Source file was:
int main() { return 0; }
Performing C SOURCE FILE Test C_SUPPORTS_WEXTRA succeeded with the following output:
Change Dir: /home/zhangna/LIEF-2/build/CMakeFiles/CMakeTmp

Run Build Command(s):/usr/bin/gmake -f Makefile cmTC_de065/fast && /usr/bin/gmake  -f CMakeFiles/cmTC_de065.dir/build.make CMakeFiles/cmTC_de065.dir/build
gmake[1]: Entering directory '/home/zhangna/LIEF-2/build/CMakeFiles/CMakeTmp'
Building C object CMakeFiles/cmTC_de065.dir/src.c.o
/usr/bin/cc -DC_SUPPORTS_WEXTRA  -Wextra -o CMakeFiles/cmTC_de065.dir/src.c.o -c /home/zhangna/LIEF-2/build/CMakeFiles/CMakeTmp/src.c
Linking C executable cmTC_de065
/usr/bin/cmake -E cmake_link_script CMakeFiles/cmTC_de065.dir/link.txt --verbose=1
/usr/bin/cc CMakeFiles/cmTC_de065.dir/src.c.o -o cmTC_de065 
gmake[1]: Leaving directory '/home/zhangna/LIEF-2/build/CMakeFiles/CMakeTmp'


Source file was:
int main(void) { return 0; }
Performing C++ SOURCE FILE Test CXX_SUPPORTS_WEXTRA succeeded with the following output:
Change Dir: /home/zhangna/LIEF-2/build/CMakeFiles/CMakeTmp

Run Build Command(s):/usr/bin/gmake -f Makefile cmTC_ef210/fast && /usr/bin/gmake  -f CMakeFiles/cmTC_ef210.dir/build.make CMakeFiles/cmTC_ef210.dir/build
gmake[1]: Entering directory '/home/zhangna/LIEF-2/build/CMakeFiles/CMakeTmp'
Building CXX object CMakeFiles/cmTC_ef210.dir/src.cxx.o
/usr/bin/c++ -DCXX_SUPPORTS_WEXTRA  -Wextra -o CMakeFiles/cmTC_ef210.dir/src.cxx.o -c /home/zhangna/LIEF-2/build/CMakeFiles/CMakeTmp/src.cxx
Linking CXX executable cmTC_ef210
/usr/bin/cmake -E cmake_link_script CMakeFiles/cmTC_ef210.dir/link.txt --verbose=1
/usr/bin/c++ CMakeFiles/cmTC_ef210.dir/src.cxx.o -o cmTC_ef210 
gmake[1]: Leaving directory '/home/zhangna/LIEF-2/build/CMakeFiles/CMakeTmp'


Source file was:
int main() { return 0; }
Performing C SOURCE FILE Test C_SUPPORTS_WPEDANTIC succeeded with the following output:
Change Dir: /home/zhangna/LIEF-2/build/CMakeFiles/CMakeTmp

Run Build Command(s):/usr/bin/gmake -f Makefile cmTC_3147d/fast && /usr/bin/gmake  -f CMakeFiles/cmTC_3147d.dir/build.make CMakeFiles/cmTC_3147d.dir/build
gmake[1]: Entering directory '/home/zhangna/LIEF-2/build/CMakeFiles/CMakeTmp'
Building C object CMakeFiles/cmTC_3147d.dir/src.c.o
/usr/bin/cc -DC_SUPPORTS_WPEDANTIC  -Wpedantic -o CMakeFiles/cmTC_3147d.dir/src.c.o -c /home/zhangna/LIEF-2/build/CMakeFiles/CMakeTmp/src.c
Linking C executable cmTC_3147d
/usr/bin/cmake -E cmake_link_script CMakeFiles/cmTC_3147d.dir/link.txt --verbose=1
/usr/bin/cc CMakeFiles/cmTC_3147d.dir/src.c.o -o cmTC_3147d 
gmake[1]: Leaving directory '/home/zhangna/LIEF-2/build/CMakeFiles/CMakeTmp'


Source file was:
int main(void) { return 0; }
Performing C++ SOURCE FILE Test CXX_SUPPORTS_WPEDANTIC succeeded with the following output:
Change Dir: /home/zhangna/LIEF-2/build/CMakeFiles/CMakeTmp

Run Build Command(s):/usr/bin/gmake -f Makefile cmTC_dc185/fast && /usr/bin/gmake  -f CMakeFiles/cmTC_dc185.dir/build.make CMakeFiles/cmTC_dc185.dir/build
gmake[1]: Entering directory '/home/zhangna/LIEF-2/build/CMakeFiles/CMakeTmp'
Building CXX object CMakeFiles/cmTC_dc185.dir/src.cxx.o
/usr/bin/c++ -DCXX_SUPPORTS_WPEDANTIC  -Wpedantic -o CMakeFiles/cmTC_dc185.dir/src.cxx.o -c /home/zhangna/LIEF-2/build/CMakeFiles/CMakeTmp/src.cxx
Linking CXX executable cmTC_dc185
/usr/bin/cmake -E cmake_link_script CMakeFiles/cmTC_dc185.dir/link.txt --verbose=1
/usr/bin/c++ CMakeFiles/cmTC_dc185.dir/src.cxx.o -o cmTC_dc185 
gmake[1]: Leaving directory '/home/zhangna/LIEF-2/build/CMakeFiles/CMakeTmp'


Source file was:
int main() { return 0; }
Performing C SOURCE FILE Test C_SUPPORTS_OMIT_FRAME_POINTER succeeded with the following output:
Change Dir: /home/zhangna/LIEF-2/build/CMakeFiles/CMakeTmp

Run Build Command(s):/usr/bin/gmake -f Makefile cmTC_6f71d/fast && /usr/bin/gmake  -f CMakeFiles/cmTC_6f71d.dir/build.make CMakeFiles/cmTC_6f71d.dir/build
gmake[1]: Entering directory '/home/zhangna/LIEF-2/build/CMakeFiles/CMakeTmp'
Building C object CMakeFiles/cmTC_6f71d.dir/src.c.o
/usr/bin/cc -DC_SUPPORTS_OMIT_FRAME_POINTER  -fomit-frame-pointer -o CMakeFiles/cmTC_6f71d.dir/src.c.o -c /home/zhangna/LIEF-2/build/CMakeFiles/CMakeTmp/src.c
Linking C executable cmTC_6f71d
/usr/bin/cmake -E cmake_link_script CMakeFiles/cmTC_6f71d.dir/link.txt --verbose=1
/usr/bin/cc CMakeFiles/cmTC_6f71d.dir/src.c.o -o cmTC_6f71d 
gmake[1]: Leaving directory '/home/zhangna/LIEF-2/build/CMakeFiles/CMakeTmp'


Source file was:
int main(void) { return 0; }
Performing C++ SOURCE FILE Test CXX_SUPPORTS_OMIT_FRAME_POINTER succeeded with the following output:
Change Dir: /home/zhangna/LIEF-2/build/CMakeFiles/CMakeTmp

Run Build Command(s):/usr/bin/gmake -f Makefile cmTC_25616/fast && /usr/bin/gmake  -f CMakeFiles/cmTC_25616.dir/build.make CMakeFiles/cmTC_25616.dir/build
gmake[1]: Entering directory '/home/zhangna/LIEF-2/build/CMakeFiles/CMakeTmp'
Building CXX object CMakeFiles/cmTC_25616.dir/src.cxx.o
/usr/bin/c++ -DCXX_SUPPORTS_OMIT_FRAME_POINTER  -fomit-frame-pointer -o CMakeFiles/cmTC_25616.dir/src.cxx.o -c /home/zhangna/LIEF-2/build/CMakeFiles/CMakeTmp/src.cxx
Linking CXX executable cmTC_25616
/usr/bin/cmake -E cmake_link_script CMakeFiles/cmTC_25616.dir/link.txt --verbose=1
/usr/bin/c++ CMakeFiles/cmTC_25616.dir/src.cxx.o -o cmTC_25616 
gmake[1]: Leaving directory '/home/zhangna/LIEF-2/build/CMakeFiles/CMakeTmp'


Source file was:
int main() { return 0; }
Performing C SOURCE FILE Test C_SUPPORTS_NO_EXPANSION_TO_DEFINED succeeded with the following output:
Change Dir: /home/zhangna/LIEF-2/build/CMakeFiles/CMakeTmp

Run Build Command(s):/usr/bin/gmake -f Makefile cmTC_ba1be/fast && /usr/bin/gmake  -f CMakeFiles/cmTC_ba1be.dir/build.make CMakeFiles/cmTC_ba1be.dir/build
gmake[1]: Entering directory '/home/zhangna/LIEF-2/build/CMakeFiles/CMakeTmp'
Building C object CMakeFiles/cmTC_ba1be.dir/src.c.o
/usr/bin/cc -DC_SUPPORTS_NO_EXPANSION_TO_DEFINED  -Wno-expansion-to-defined -o CMakeFiles/cmTC_ba1be.dir/src.c.o -c /home/zhangna/LIEF-2/build/CMakeFiles/CMakeTmp/src.c
Linking C executable cmTC_ba1be
/usr/bin/cmake -E cmake_link_script CMakeFiles/cmTC_ba1be.dir/link.txt --verbose=1
/usr/bin/cc CMakeFiles/cmTC_ba1be.dir/src.c.o -o cmTC_ba1be 
gmake[1]: Leaving directory '/home/zhangna/LIEF-2/build/CMakeFiles/CMakeTmp'


Source file was:
int main(void) { return 0; }
Performing C++ SOURCE FILE Test CXX_SUPPORTS_NO_EXPANSION_TO_DEFINED succeeded with the following output:
Change Dir: /home/zhangna/LIEF-2/build/CMakeFiles/CMakeTmp

Run Build Command(s):/usr/bin/gmake -f Makefile cmTC_474ef/fast && /usr/bin/gmake  -f CMakeFiles/cmTC_474ef.dir/build.make CMakeFiles/cmTC_474ef.dir/build
gmake[1]: Entering directory '/home/zhangna/LIEF-2/build/CMakeFiles/CMakeTmp'
Building CXX object CMakeFiles/cmTC_474ef.dir/src.cxx.o
/usr/bin/c++ -DCXX_SUPPORTS_NO_EXPANSION_TO_DEFINED  -Wno-expansion-to-defined -o CMakeFiles/cmTC_474ef.dir/src.cxx.o -c /home/zhangna/LIEF-2/build/CMakeFiles/CMakeTmp/src.cxx
Linking CXX executable cmTC_474ef
/usr/bin/cmake -E cmake_link_script CMakeFiles/cmTC_474ef.dir/link.txt --verbose=1
/usr/bin/c++ CMakeFiles/cmTC_474ef.dir/src.cxx.o -o cmTC_474ef 
gmake[1]: Leaving directory '/home/zhangna/LIEF-2/build/CMakeFiles/CMakeTmp'


Source file was:
int main() { return 0; }
Performing C SOURCE FILE Test C_SUPPORTS_ERR_RET_TYPE succeeded with the following output:
Change Dir: /home/zhangna/LIEF-2/build/CMakeFiles/CMakeTmp

Run Build Command(s):/usr/bin/gmake -f Makefile cmTC_d3986/fast && /usr/bin/gmake  -f CMakeFiles/cmTC_d3986.dir/build.make CMakeFiles/cmTC_d3986.dir/build
gmake[1]: Entering directory '/home/zhangna/LIEF-2/build/CMakeFiles/CMakeTmp'
Building C object CMakeFiles/cmTC_d3986.dir/src.c.o
/usr/bin/cc -DC_SUPPORTS_ERR_RET_TYPE  -Werror=return-type -o CMakeFiles/cmTC_d3986.dir/src.c.o -c /home/zhangna/LIEF-2/build/CMakeFiles/CMakeTmp/src.c
Linking C executable cmTC_d3986
/usr/bin/cmake -E cmake_link_script CMakeFiles/cmTC_d3986.dir/link.txt --verbose=1
/usr/bin/cc CMakeFiles/cmTC_d3986.dir/src.c.o -o cmTC_d3986 
gmake[1]: Leaving directory '/home/zhangna/LIEF-2/build/CMakeFiles/CMakeTmp'


Source file was:
int main(void) { return 0; }
Performing C++ SOURCE FILE Test CXX_SUPPORTS_ERR_RET_TYPE succeeded with the following output:
Change Dir: /home/zhangna/LIEF-2/build/CMakeFiles/CMakeTmp

Run Build Command(s):/usr/bin/gmake -f Makefile cmTC_52d91/fast && /usr/bin/gmake  -f CMakeFiles/cmTC_52d91.dir/build.make CMakeFiles/cmTC_52d91.dir/build
gmake[1]: Entering directory '/home/zhangna/LIEF-2/build/CMakeFiles/CMakeTmp'
Building CXX object CMakeFiles/cmTC_52d91.dir/src.cxx.o
/usr/bin/c++ -DCXX_SUPPORTS_ERR_RET_TYPE  -Werror=return-type -o CMakeFiles/cmTC_52d91.dir/src.cxx.o -c /home/zhangna/LIEF-2/build/CMakeFiles/CMakeTmp/src.cxx
Linking CXX executable cmTC_52d91
/usr/bin/cmake -E cmake_link_script CMakeFiles/cmTC_52d91.dir/link.txt --verbose=1
/usr/bin/c++ CMakeFiles/cmTC_52d91.dir/src.cxx.o -o cmTC_52d91 
gmake[1]: Leaving directory '/home/zhangna/LIEF-2/build/CMakeFiles/CMakeTmp'


Source file was:
int main() { return 0; }
Performing C SOURCE FILE Test C_SUPPORTS_DIAGNOSTICS_COLOR succeeded with the following output:
Change Dir: /home/zhangna/LIEF-2/build/CMakeFiles/CMakeTmp

Run Build Command(s):/usr/bin/gmake -f Makefile cmTC_6b8bd/fast && /usr/bin/gmake  -f CMakeFiles/cmTC_6b8bd.dir/build.make CMakeFiles/cmTC_6b8bd.dir/build
gmake[1]: Entering directory '/home/zhangna/LIEF-2/build/CMakeFiles/CMakeTmp'
Building C object CMakeFiles/cmTC_6b8bd.dir/src.c.o
/usr/bin/cc -DC_SUPPORTS_DIAGNOSTICS_COLOR  -fdiagnostics-color=always -o CMakeFiles/cmTC_6b8bd.dir/src.c.o -c /home/zhangna/LIEF-2/build/CMakeFiles/CMakeTmp/src.c
Linking C executable cmTC_6b8bd
/usr/bin/cmake -E cmake_link_script CMakeFiles/cmTC_6b8bd.dir/link.txt --verbose=1
/usr/bin/cc CMakeFiles/cmTC_6b8bd.dir/src.c.o -o cmTC_6b8bd 
gmake[1]: Leaving directory '/home/zhangna/LIEF-2/build/CMakeFiles/CMakeTmp'


Source file was:
int main(void) { return 0; }
Performing C++ SOURCE FILE Test CXX_SUPPORTS_DIAGNOSTICS_COLOR succeeded with the following output:
Change Dir: /home/zhangna/LIEF-2/build/CMakeFiles/CMakeTmp

Run Build Command(s):/usr/bin/gmake -f Makefile cmTC_c6856/fast && /usr/bin/gmake  -f CMakeFiles/cmTC_c6856.dir/build.make CMakeFiles/cmTC_c6856.dir/build
gmake[1]: Entering directory '/home/zhangna/LIEF-2/build/CMakeFiles/CMakeTmp'
Building CXX object CMakeFiles/cmTC_c6856.dir/src.cxx.o
/usr/bin/c++ -DCXX_SUPPORTS_DIAGNOSTICS_COLOR  -fdiagnostics-color=always -o CMakeFiles/cmTC_c6856.dir/src.cxx.o -c /home/zhangna/LIEF-2/build/CMakeFiles/CMakeTmp/src.cxx
Linking CXX executable cmTC_c6856
/usr/bin/cmake -E cmake_link_script CMakeFiles/cmTC_c6856.dir/link.txt --verbose=1
/usr/bin/c++ CMakeFiles/cmTC_c6856.dir/src.cxx.o -o cmTC_c6856 
gmake[1]: Leaving directory '/home/zhangna/LIEF-2/build/CMakeFiles/CMakeTmp'


Source file was:
int main() { return 0; }
Performing C SOURCE FILE Test HAS_ANSI succeeded with the following output:
Change Dir: /home/zhangna/LIEF-2/build/CMakeFiles/CMakeTmp

Run Build Command(s):/usr/bin/gmake -f Makefile cmTC_5cea0/fast && /usr/bin/gmake  -f CMakeFiles/cmTC_5cea0.dir/build.make CMakeFiles/cmTC_5cea0.dir/build
gmake[1]: Entering directory '/home/zhangna/LIEF-2/build/CMakeFiles/CMakeTmp'
Building C object CMakeFiles/cmTC_5cea0.dir/src.c.o
/usr/bin/cc -DHAS_ANSI  -ansi -o CMakeFiles/cmTC_5cea0.dir/src.c.o -c /home/zhangna/LIEF-2/build/CMakeFiles/CMakeTmp/src.c
Linking C executable cmTC_5cea0
/usr/bin/cmake -E cmake_link_script CMakeFiles/cmTC_5cea0.dir/link.txt --verbose=1
/usr/bin/cc CMakeFiles/cmTC_5cea0.dir/src.c.o -o cmTC_5cea0 
gmake[1]: Leaving directory '/home/zhangna/LIEF-2/build/CMakeFiles/CMakeTmp'


Source file was:
int main(void) { return 0; }
